<?xml version="1.0" encoding="UTF-8"?>
<!-- Generated by org.testng.reporters.JUnitReportReporter -->
<testsuite skipped="0" hostname="TYSS-4F-081" name="TestScripts.TestConfig" tests="1" failures="0" timestamp="30 Aug 2018 12:32:13 GMT" time="51.369" errors="0">
  <testcase name="testConfigurator" time="51.369" classname="TestScripts.TestConfig"/>
</testsuite> <!-- TestScripts.TestConfig -->
