<?xml version="1.0" encoding="UTF-8"?>
<!-- Generated by org.testng.reporters.JUnitReportReporter -->
<testsuite skipped="0" hostname="TYSS-4F-081" name="TestScripts.TestClioConfig" tests="1" failures="0" timestamp="31 Aug 2018 06:34:39 GMT" time="87.109" errors="0">
  <testcase name="testClioConfig" time="87.109" classname="TestScripts.TestClioConfig"/>
</testsuite> <!-- TestScripts.TestClioConfig -->
